<?xml version="1.0" encoding="UTF-8"?>
<testng-results total="1" passed="1" failed="0" skipped="0">
  <reporter-output>
  </reporter-output>
  <suite started-at="2024-12-01T14:43:02Z" name="Default suite" finished-at="2024-12-01T14:43:14Z" duration-ms="11790">
    <groups>
    </groups>
    <test started-at="2024-12-01T14:43:02Z" name="Default test" finished-at="2024-12-01T14:43:14Z" duration-ms="11790">
      <class name="com.DemoShopFramework.testCases.AccountRegistration">
        <test-method is-config="true" signature="setUp()[pri:0, instance:com.DemoShopFramework.testCases.AccountRegistration@74bf1791]" started-at="2024-12-01T20:13:02Z" name="setUp" finished-at="2024-12-01T20:13:12Z" duration-ms="9849" status="PASS">
          <reporter-output>
          </reporter-output>
        </test-method> <!-- setUp -->
        <test-method signature="registrationFlow()[pri:0, instance:com.DemoShopFramework.testCases.AccountRegistration@74bf1791]" started-at="2024-12-01T20:13:12Z" name="registrationFlow" finished-at="2024-12-01T20:13:14Z" duration-ms="1390" status="PASS">
          <reporter-output>
          </reporter-output>
        </test-method> <!-- registrationFlow -->
        <test-method is-config="true" signature="tearDown()[pri:0, instance:com.DemoShopFramework.testCases.AccountRegistration@74bf1791]" started-at="2024-12-01T20:13:14Z" name="tearDown" finished-at="2024-12-01T20:13:14Z" duration-ms="513" status="PASS">
          <reporter-output>
          </reporter-output>
        </test-method> <!-- tearDown -->
      </class> <!-- com.DemoShopFramework.testCases.AccountRegistration -->
    </test> <!-- Default test -->
  </suite> <!-- Default suite -->
</testng-results>
